<?xml version="1.0" encoding="UTF-8"?>
<coverage generated="1634584663">
  <project timestamp="1634584663">
    <file name="/Users/mlantz/Code/_open_source/Grafite/Forms/src/Builders/AttributeBuilder.php">
      <class name="Grafite\Forms\Builders\AttributeBuilder" namespace="global">
        <metrics complexity="13" methods="2" coveredmethods="0" conditionals="0" coveredconditionals="0" statements="21" coveredstatements="17" elements="23" coveredelements="17"/>
      </class>
      <line num="14" type="method" name="render" visibility="public" complexity="5" crap="5.12" count="100"/>
      <line num="16" type="stmt" count="100"/>
      <line num="17" type="stmt" count="100"/>
      <line num="19" type="stmt" count="100"/>
      <line num="20" type="stmt" count="0"/>
      <line num="23" type="stmt" count="100"/>
      <line num="24" type="stmt" count="0"/>
      <line num="27" type="stmt" count="100"/>
      <line num="29" type="stmt" count="100"/>
      <line num="30" type="stmt" count="96"/>
      <line num="32" type="stmt" count="96"/>
      <line num="33" type="stmt" count="96"/>
      <line num="37" type="stmt" count="100"/>
      <line num="48" type="method" name="attributeElement" visibility="public" complexity="8" crap="8.70" count="97"/>
      <line num="50" type="stmt" count="97"/>
      <line num="51" type="stmt" count="0"/>
      <line num="54" type="stmt" count="97"/>
      <line num="55" type="stmt" count="10"/>
      <line num="58" type="stmt" count="97"/>
      <line num="59" type="stmt" count="0"/>
      <line num="62" type="stmt" count="97"/>
      <line num="63" type="stmt" count="97"/>
      <line num="65" type="stmt" count="19"/>
      <metrics loc="66" ncloc="51" classes="1" methods="2" coveredmethods="0" conditionals="0" coveredconditionals="0" statements="21" coveredstatements="17" elements="23" coveredelements="17"/>
    </file>
    <file name="/Users/mlantz/Code/_open_source/Grafite/Forms/src/Builders/FieldBuilder.php">
      <class name="Grafite\Forms\Builders\FieldBuilder" namespace="global">
        <metrics complexity="70" methods="18" coveredmethods="13" conditionals="0" coveredconditionals="0" statements="132" coveredstatements="123" elements="150" coveredelements="136"/>
      </class>
      <line num="19" type="method" name="__construct" visibility="public" complexity="1" crap="1" count="114"/>
      <line num="21" type="stmt" count="114"/>
      <line num="22" type="stmt" count="114"/>
      <line num="32" type="method" name="submit" visibility="public" complexity="1" crap="1" count="1"/>
      <line num="34" type="stmt" count="1"/>
      <line num="45" type="method" name="button" visibility="public" complexity="2" crap="2" count="26"/>
      <line num="47" type="stmt" count="26"/>
      <line num="48" type="stmt" count="2"/>
      <line num="51" type="stmt" count="26"/>
      <line num="64" type="method" name="makeInput" visibility="public" complexity="4" crap="4" count="74"/>
      <line num="67" type="stmt" count="74"/>
      <line num="68" type="stmt" count="1"/>
      <line num="71" type="stmt" count="74"/>
      <line num="72" type="stmt" count="3"/>
      <line num="73" type="stmt" count="3"/>
      <line num="76" type="stmt" count="74"/>
      <line num="78" type="stmt" count="74"/>
      <line num="91" type="method" name="makeField" visibility="public" complexity="2" crap="2.06" count="1"/>
      <line num="94" type="stmt" count="1"/>
      <line num="95" type="stmt" count="0"/>
      <line num="98" type="stmt" count="1"/>
      <line num="100" type="stmt" count="1"/>
      <line num="112" type="method" name="makeCustomFile" visibility="public" complexity="6" crap="6" count="1"/>
      <line num="114" type="stmt" count="1"/>
      <line num="117" type="stmt" count="1"/>
      <line num="118" type="stmt" count="1"/>
      <line num="120" type="stmt" count="1"/>
      <line num="121" type="stmt" count="1"/>
      <line num="124" type="stmt" count="1"/>
      <line num="126" type="stmt" count="1"/>
      <line num="127" type="stmt" count="1"/>
      <line num="128" type="stmt" count="1"/>
      <line num="130" type="stmt" count="1"/>
      <line num="131" type="stmt" count="1"/>
      <line num="133" type="stmt" count="1"/>
      <line num="135" type="stmt" count="1"/>
      <line num="136" type="stmt" count="1"/>
      <line num="137" type="stmt" count="1"/>
      <line num="139" type="stmt" count="1"/>
      <line num="151" type="method" name="makeTextarea" visibility="public" complexity="1" crap="1" count="5"/>
      <line num="153" type="stmt" count="5"/>
      <line num="155" type="stmt" count="5"/>
      <line num="167" type="method" name="makeCheckboxInline" visibility="public" complexity="1" crap="1" count="1"/>
      <line num="169" type="stmt" count="1"/>
      <line num="171" type="stmt" count="1"/>
      <line num="183" type="method" name="makeRadioInline" visibility="public" complexity="1" crap="1" count="1"/>
      <line num="185" type="stmt" count="1"/>
      <line num="187" type="stmt" count="1"/>
      <line num="199" type="method" name="makeSelect" visibility="public" complexity="18" crap="19.05" count="12"/>
      <line num="201" type="stmt" count="12"/>
      <line num="202" type="stmt" count="12"/>
      <line num="204" type="stmt" count="12"/>
      <line num="205" type="stmt" count="0"/>
      <line num="208" type="stmt" count="12"/>
      <line num="209" type="stmt" count="0"/>
      <line num="212" type="stmt" count="12"/>
      <line num="213" type="stmt" count="4"/>
      <line num="216" type="stmt" count="12"/>
      <line num="217" type="stmt" count="3"/>
      <line num="218" type="stmt" count="3"/>
      <line num="219" type="stmt" count="3"/>
      <line num="222" type="stmt" count="12"/>
      <line num="223" type="stmt" count="12"/>
      <line num="226" type="stmt" count="12"/>
      <line num="227" type="stmt" count="12"/>
      <line num="229" type="stmt" count="1"/>
      <line num="230" type="stmt" count="1"/>
      <line num="235" type="stmt" count="12"/>
      <line num="236" type="stmt" count="12"/>
      <line num="238" type="stmt" count="0"/>
      <line num="239" type="stmt" count="0"/>
      <line num="243" type="stmt" count="12"/>
      <line num="244" type="stmt" count="4"/>
      <line num="247" type="stmt" count="12"/>
      <line num="250" type="stmt" count="12"/>
      <line num="252" type="stmt" count="12"/>
      <line num="264" type="method" name="makeDatalist" visibility="public" complexity="2" crap="2" count="1"/>
      <line num="266" type="stmt" count="1"/>
      <line num="268" type="stmt" count="1"/>
      <line num="269" type="stmt" count="1"/>
      <line num="272" type="stmt" count="1"/>
      <line num="274" type="stmt" count="1"/>
      <line num="286" type="method" name="makeCheckInput" visibility="public" complexity="7" crap="7.04" count="4"/>
      <line num="288" type="stmt" count="4"/>
      <line num="289" type="stmt" count="4"/>
      <line num="291" type="stmt" count="4"/>
      <line num="293" type="stmt" count="4"/>
      <line num="294" type="stmt" count="0"/>
      <line num="297" type="stmt" count="4"/>
      <line num="298" type="stmt" count="1"/>
      <line num="300" type="stmt" count="3"/>
      <line num="303" type="stmt" count="4"/>
      <line num="305" type="stmt" count="4"/>
      <line num="306" type="stmt" count="0"/>
      <line num="309" type="stmt" count="4"/>
      <line num="311" type="stmt" count="4"/>
      <line num="313" type="stmt" count="4"/>
      <line num="314" type="stmt" count="3"/>
      <line num="317" type="stmt" count="4"/>
      <line num="319" type="stmt" count="4"/>
      <line num="320" type="stmt" count="1"/>
      <line num="323" type="stmt" count="4"/>
      <line num="325" type="stmt" count="4"/>
      <line num="327" type="stmt" count="4"/>
      <line num="339" type="method" name="makeCheckbox" visibility="public" complexity="1" crap="1" count="5"/>
      <line num="341" type="stmt" count="5"/>
      <line num="342" type="stmt" count="5"/>
      <line num="344" type="stmt" count="5"/>
      <line num="356" type="method" name="makeRadio" visibility="public" complexity="1" crap="1" count="3"/>
      <line num="358" type="stmt" count="3"/>
      <line num="359" type="stmt" count="3"/>
      <line num="361" type="stmt" count="3"/>
      <line num="373" type="method" name="makeRelationship" visibility="public" complexity="11" crap="11" count="7"/>
      <line num="375" type="stmt" count="7"/>
      <line num="376" type="stmt" count="7"/>
      <line num="378" type="stmt" count="7"/>
      <line num="379" type="stmt" count="7"/>
      <line num="382" type="stmt" count="7"/>
      <line num="385" type="stmt" count="7"/>
      <line num="386" type="stmt" count="6"/>
      <line num="388" type="stmt" count="7"/>
      <line num="389" type="stmt" count="1"/>
      <line num="392" type="stmt" count="7"/>
      <line num="393" type="stmt" count="1"/>
      <line num="396" type="stmt" count="7"/>
      <line num="397" type="stmt" count="7"/>
      <line num="399" type="stmt" count="7"/>
      <line num="400" type="stmt" count="7"/>
      <line num="407" type="stmt" count="7"/>
      <line num="408" type="stmt" count="1"/>
      <line num="409" type="stmt" count="1"/>
      <line num="411" type="stmt" count="1"/>
      <line num="412" type="stmt" count="1"/>
      <line num="415" type="stmt" count="1"/>
      <line num="418" type="stmt" count="7"/>
      <line num="429" type="method" name="isChecked" visibility="public" complexity="9" crap="9.11" count="9"/>
      <line num="431" type="stmt" count="9"/>
      <line num="432" type="stmt" count="1"/>
      <line num="435" type="stmt" count="9"/>
      <line num="436" type="stmt" count="0"/>
      <line num="439" type="stmt" count="9"/>
      <line num="440" type="stmt" count="1"/>
      <line num="443" type="stmt" count="9"/>
      <line num="444" type="stmt" count="2"/>
      <line num="447" type="stmt" count="8"/>
      <line num="450" type="method" name="getNestedFieldLabel" visibility="private" complexity="1" crap="1" count="1"/>
      <line num="452" type="stmt" count="1"/>
      <line num="454" type="stmt" count="1"/>
      <line num="464" type="method" name="toHtmlString" visibility="protected" complexity="1" crap="2" count="0"/>
      <line num="466" type="stmt" count="0"/>
      <metrics loc="468" ncloc="327" classes="1" methods="18" coveredmethods="13" conditionals="0" coveredconditionals="0" statements="132" coveredstatements="123" elements="150" coveredelements="136"/>
    </file>
    <file name="/Users/mlantz/Code/_open_source/Grafite/Forms/src/Commands/BaseCommand.php">
      <class name="Grafite\Forms\Commands\BaseCommand" namespace="global">
        <metrics complexity="4" methods="4" coveredmethods="4" conditionals="0" coveredconditionals="0" statements="6" coveredstatements="6" elements="10" coveredelements="10"/>
      </class>
      <line num="21" type="method" name="getStub" visibility="protected" complexity="1" crap="1" count="1"/>
      <line num="23" type="stmt" count="1"/>
      <line num="33" type="method" name="getDefaultNamespace" visibility="protected" complexity="1" crap="1" count="3"/>
      <line num="35" type="stmt" count="3"/>
      <line num="43" type="method" name="getNameInput" visibility="protected" complexity="1" crap="1" count="3"/>
      <line num="45" type="stmt" count="3"/>
      <line num="57" type="method" name="replaceOtherVariables" visibility="protected" complexity="1" crap="1" count="1"/>
      <line num="59" type="stmt" count="1"/>
      <line num="60" type="stmt" count="1"/>
      <line num="65" type="stmt" count="1"/>
      <metrics loc="67" ncloc="36" classes="1" methods="4" coveredmethods="4" conditionals="0" coveredconditionals="0" statements="6" coveredstatements="6" elements="10" coveredelements="10"/>
    </file>
    <file name="/Users/mlantz/Code/_open_source/Grafite/Forms/src/Commands/MakeBaseFormCommand.php">
      <class name="Grafite\Forms\Commands\MakeBaseFormCommand" namespace="global">
        <metrics complexity="0" methods="0" coveredmethods="0" conditionals="0" coveredconditionals="0" statements="0" coveredstatements="0" elements="0" coveredelements="0"/>
      </class>
      <metrics loc="20" ncloc="10" classes="0" methods="0" coveredmethods="0" conditionals="0" coveredconditionals="0" statements="0" coveredstatements="0" elements="0" coveredelements="0"/>
    </file>
    <file name="/Users/mlantz/Code/_open_source/Grafite/Forms/src/Commands/MakeFieldCommand.php">
      <class name="Grafite\Forms\Commands\MakeFieldCommand" namespace="global">
        <metrics complexity="2" methods="2" coveredmethods="2" conditionals="0" coveredconditionals="0" statements="2" coveredstatements="2" elements="4" coveredelements="4"/>
      </class>
      <line num="33" type="method" name="getStub" visibility="protected" complexity="1" crap="1" count="1"/>
      <line num="35" type="stmt" count="1"/>
      <line num="45" type="method" name="getDefaultNamespace" visibility="protected" complexity="1" crap="1" count="1"/>
      <line num="47" type="stmt" count="1"/>
      <metrics loc="49" ncloc="22" classes="1" methods="2" coveredmethods="2" conditionals="0" coveredconditionals="0" statements="2" coveredstatements="2" elements="4" coveredelements="4"/>
    </file>
    <file name="/Users/mlantz/Code/_open_source/Grafite/Forms/src/Commands/MakeLivewireFormCommand.php">
      <class name="Grafite\Forms\Commands\MakeLivewireFormCommand" namespace="global">
        <metrics complexity="1" methods="1" coveredmethods="0" conditionals="0" coveredconditionals="0" statements="1" coveredstatements="0" elements="2" coveredelements="0"/>
      </class>
      <line num="26" type="method" name="getStub" visibility="protected" complexity="1" crap="2" count="0"/>
      <line num="28" type="stmt" count="0"/>
      <metrics loc="30" ncloc="15" classes="1" methods="1" coveredmethods="0" conditionals="0" coveredconditionals="0" statements="1" coveredstatements="0" elements="2" coveredelements="0"/>
    </file>
    <file name="/Users/mlantz/Code/_open_source/Grafite/Forms/src/Commands/MakeModalFormCommand.php">
      <class name="Grafite\Forms\Commands\MakeModalFormCommand" namespace="global">
        <metrics complexity="1" methods="1" coveredmethods="1" conditionals="0" coveredconditionals="0" statements="1" coveredstatements="1" elements="2" coveredelements="2"/>
      </class>
      <line num="26" type="method" name="getStub" visibility="protected" complexity="1" crap="1" count="1"/>
      <line num="28" type="stmt" count="1"/>
      <metrics loc="30" ncloc="15" classes="1" methods="1" coveredmethods="1" conditionals="0" coveredconditionals="0" statements="1" coveredstatements="1" elements="2" coveredelements="2"/>
    </file>
    <file name="/Users/mlantz/Code/_open_source/Grafite/Forms/src/Commands/MakeModelFormCommand.php">
      <class name="Grafite\Forms\Commands\MakeModelFormCommand" namespace="global">
        <metrics complexity="3" methods="3" coveredmethods="3" conditionals="0" coveredconditionals="0" statements="8" coveredstatements="8" elements="11" coveredelements="11"/>
      </class>
      <line num="45" type="method" name="buildClass" visibility="protected" complexity="1" crap="1" count="1"/>
      <line num="47" type="stmt" count="1"/>
      <line num="49" type="stmt" count="1"/>
      <line num="50" type="stmt" count="1"/>
      <line num="51" type="stmt" count="1"/>
      <line num="59" type="method" name="getStub" visibility="protected" complexity="1" crap="1" count="1"/>
      <line num="61" type="stmt" count="1"/>
      <line num="69" type="method" name="getNameInput" visibility="protected" complexity="1" crap="1" count="1"/>
      <line num="71" type="stmt" count="1"/>
      <line num="72" type="stmt" count="1"/>
      <line num="73" type="stmt" count="1"/>
      <metrics loc="75" ncloc="37" classes="1" methods="3" coveredmethods="3" conditionals="0" coveredconditionals="0" statements="8" coveredstatements="8" elements="11" coveredelements="11"/>
    </file>
    <file name="/Users/mlantz/Code/_open_source/Grafite/Forms/src/Commands/MakeWizardFormCommand.php">
      <class name="Grafite\Forms\Commands\MakeWizardFormCommand" namespace="global">
        <metrics complexity="1" methods="1" coveredmethods="0" conditionals="0" coveredconditionals="0" statements="1" coveredstatements="0" elements="2" coveredelements="0"/>
      </class>
      <line num="26" type="method" name="getStub" visibility="protected" complexity="1" crap="2" count="0"/>
      <line num="28" type="stmt" count="0"/>
      <metrics loc="30" ncloc="15" classes="1" methods="1" coveredmethods="0" conditionals="0" coveredconditionals="0" statements="1" coveredstatements="0" elements="2" coveredelements="0"/>
    </file>
    <file name="/Users/mlantz/Code/_open_source/Grafite/Forms/src/Components/Form.php">
      <class name="Grafite\Forms\Components\Form" namespace="global">
        <metrics complexity="2" methods="2" coveredmethods="0" conditionals="0" coveredconditionals="0" statements="3" coveredstatements="0" elements="5" coveredelements="0"/>
      </class>
      <line num="16" type="method" name="__construct" visibility="public" complexity="1" crap="2" count="0"/>
      <line num="18" type="stmt" count="0"/>
      <line num="19" type="stmt" count="0"/>
      <line num="26" type="method" name="render" visibility="public" complexity="1" crap="2" count="0"/>
      <line num="28" type="stmt" count="0"/>
      <metrics loc="30" ncloc="20" classes="1" methods="2" coveredmethods="0" conditionals="0" coveredconditionals="0" statements="3" coveredstatements="0" elements="5" coveredelements="0"/>
    </file>
    <file name="/Users/mlantz/Code/_open_source/Grafite/Forms/src/Components/FormAction.php">
      <class name="Grafite\Forms\Components\FormAction" namespace="global">
        <metrics complexity="3" methods="2" coveredmethods="0" conditionals="0" coveredconditionals="0" statements="15" coveredstatements="0" elements="17" coveredelements="0"/>
      </class>
      <line num="28" type="method" name="__construct" visibility="public" complexity="1" crap="2" count="0"/>
      <line num="39" type="stmt" count="0"/>
      <line num="40" type="stmt" count="0"/>
      <line num="41" type="stmt" count="0"/>
      <line num="42" type="stmt" count="0"/>
      <line num="43" type="stmt" count="0"/>
      <line num="44" type="stmt" count="0"/>
      <line num="45" type="stmt" count="0"/>
      <line num="46" type="stmt" count="0"/>
      <line num="47" type="stmt" count="0"/>
      <line num="48" type="stmt" count="0"/>
      <line num="55" type="method" name="render" visibility="public" complexity="2" crap="6" count="0"/>
      <line num="57" type="stmt" count="0"/>
      <line num="59" type="stmt" count="0"/>
      <line num="60" type="stmt" count="0"/>
      <line num="63" type="stmt" count="0"/>
      <line num="64" type="stmt" count="0"/>
      <metrics loc="66" ncloc="56" classes="1" methods="2" coveredmethods="0" conditionals="0" coveredconditionals="0" statements="15" coveredstatements="0" elements="17" coveredelements="0"/>
    </file>
    <file name="/Users/mlantz/Code/_open_source/Grafite/Forms/src/Components/FormBase.php">
      <class name="Grafite\Forms\Components\FormBase" namespace="global">
        <metrics complexity="2" methods="2" coveredmethods="0" conditionals="0" coveredconditionals="0" statements="3" coveredstatements="0" elements="5" coveredelements="0"/>
      </class>
      <line num="16" type="method" name="__construct" visibility="public" complexity="1" crap="2" count="0"/>
      <line num="18" type="stmt" count="0"/>
      <line num="19" type="stmt" count="0"/>
      <line num="26" type="method" name="render" visibility="public" complexity="1" crap="2" count="0"/>
      <line num="28" type="stmt" count="0"/>
      <metrics loc="30" ncloc="20" classes="1" methods="2" coveredmethods="0" conditionals="0" coveredconditionals="0" statements="3" coveredstatements="0" elements="5" coveredelements="0"/>
    </file>
    <file name="/Users/mlantz/Code/_open_source/Grafite/Forms/src/Components/FormDelete.php">
      <class name="Grafite\Forms\Components\FormDelete" namespace="global">
        <metrics complexity="3" methods="2" coveredmethods="0" conditionals="0" coveredconditionals="0" statements="10" coveredstatements="0" elements="12" coveredelements="0"/>
      </class>
      <line num="24" type="method" name="__construct" visibility="public" complexity="1" crap="2" count="0"/>
      <line num="31" type="stmt" count="0"/>
      <line num="32" type="stmt" count="0"/>
      <line num="33" type="stmt" count="0"/>
      <line num="34" type="stmt" count="0"/>
      <line num="35" type="stmt" count="0"/>
      <line num="36" type="stmt" count="0"/>
      <line num="43" type="method" name="render" visibility="public" complexity="2" crap="6" count="0"/>
      <line num="45" type="stmt" count="0"/>
      <line num="47" type="stmt" count="0"/>
      <line num="48" type="stmt" count="0"/>
      <line num="51" type="stmt" count="0"/>
      <metrics loc="53" ncloc="43" classes="1" methods="2" coveredmethods="0" conditionals="0" coveredconditionals="0" statements="10" coveredstatements="0" elements="12" coveredelements="0"/>
    </file>
    <file name="/Users/mlantz/Code/_open_source/Grafite/Forms/src/Components/FormModal.php">
      <class name="Grafite\Forms\Components\FormModal" namespace="global">
        <metrics complexity="2" methods="2" coveredmethods="0" conditionals="0" coveredconditionals="0" statements="14" coveredstatements="0" elements="16" coveredelements="0"/>
      </class>
      <line num="20" type="method" name="__construct" visibility="public" complexity="1" crap="2" count="0"/>
      <line num="31" type="stmt" count="0"/>
      <line num="32" type="stmt" count="0"/>
      <line num="33" type="stmt" count="0"/>
      <line num="34" type="stmt" count="0"/>
      <line num="35" type="stmt" count="0"/>
      <line num="36" type="stmt" count="0"/>
      <line num="37" type="stmt" count="0"/>
      <line num="38" type="stmt" count="0"/>
      <line num="39" type="stmt" count="0"/>
      <line num="40" type="stmt" count="0"/>
      <line num="47" type="method" name="render" visibility="public" complexity="1" crap="2" count="0"/>
      <line num="49" type="stmt" count="0"/>
      <line num="51" type="stmt" count="0"/>
      <line num="52" type="stmt" count="0"/>
      <line num="53" type="stmt" count="0"/>
      <metrics loc="55" ncloc="45" classes="1" methods="2" coveredmethods="0" conditionals="0" coveredconditionals="0" statements="14" coveredstatements="0" elements="16" coveredelements="0"/>
    </file>
    <file name="/Users/mlantz/Code/_open_source/Grafite/Forms/src/Components/FormModel.php">
      <class name="Grafite\Forms\Components\FormModel" namespace="global">
        <metrics complexity="2" methods="2" coveredmethods="0" conditionals="0" coveredconditionals="0" statements="6" coveredstatements="0" elements="8" coveredelements="0"/>
      </class>
      <line num="18" type="method" name="__construct" visibility="public" complexity="1" crap="2" count="0"/>
      <line num="20" type="stmt" count="0"/>
      <line num="21" type="stmt" count="0"/>
      <line num="22" type="stmt" count="0"/>
      <line num="23" type="stmt" count="0"/>
      <line num="30" type="method" name="render" visibility="public" complexity="1" crap="2" count="0"/>
      <line num="32" type="stmt" count="0"/>
      <line num="34" type="stmt" count="0"/>
      <metrics loc="36" ncloc="26" classes="1" methods="2" coveredmethods="0" conditionals="0" coveredconditionals="0" statements="6" coveredstatements="0" elements="8" coveredelements="0"/>
    </file>
    <file name="/Users/mlantz/Code/_open_source/Grafite/Forms/src/Components/FormSearch.php">
      <class name="Grafite\Forms\Components\FormSearch" namespace="global">
        <metrics complexity="2" methods="2" coveredmethods="0" conditionals="0" coveredconditionals="0" statements="11" coveredstatements="0" elements="13" coveredelements="0"/>
      </class>
      <line num="24" type="method" name="__construct" visibility="public" complexity="1" crap="2" count="0"/>
      <line num="31" type="stmt" count="0"/>
      <line num="32" type="stmt" count="0"/>
      <line num="33" type="stmt" count="0"/>
      <line num="34" type="stmt" count="0"/>
      <line num="35" type="stmt" count="0"/>
      <line num="36" type="stmt" count="0"/>
      <line num="43" type="method" name="render" visibility="public" complexity="1" crap="2" count="0"/>
      <line num="45" type="stmt" count="0"/>
      <line num="46" type="stmt" count="0"/>
      <line num="47" type="stmt" count="0"/>
      <line num="48" type="stmt" count="0"/>
      <line num="49" type="stmt" count="0"/>
      <metrics loc="52" ncloc="42" classes="1" methods="2" coveredmethods="0" conditionals="0" coveredconditionals="0" statements="11" coveredstatements="0" elements="13" coveredelements="0"/>
    </file>
    <file name="/Users/mlantz/Code/_open_source/Grafite/Forms/src/Fields/Attachments.php">
      <class name="Grafite\Forms\Fields\Attachments" namespace="global">
        <metrics complexity="6" methods="6" coveredmethods="0" conditionals="0" coveredconditionals="0" statements="18" coveredstatements="0" elements="24" coveredelements="0"/>
      </class>
      <line num="9" type="method" name="getType" visibility="protected" complexity="1" crap="2" count="0"/>
      <line num="11" type="stmt" count="0"/>
      <line num="14" type="method" name="getOptions" visibility="protected" complexity="1" crap="2" count="0"/>
      <line num="17" type="stmt" count="0"/>
      <line num="24" type="method" name="getFactory" visibility="protected" complexity="1" crap="2" count="0"/>
      <line num="26" type="stmt" count="0"/>
      <line num="29" type="method" name="getTemplate" visibility="protected" complexity="1" crap="2" count="0"/>
      <line num="32" type="stmt" count="0"/>
      <line num="41" type="method" name="styles" visibility="protected" complexity="1" crap="2" count="0"/>
      <line num="43" type="stmt" count="0"/>
      <line num="46" type="method" name="js" visibility="protected" complexity="1" crap="2" count="0"/>
      <line num="48" type="stmt" count="0"/>
      <line num="49" type="stmt" count="0"/>
      <line num="50" type="stmt" count="0"/>
      <line num="52" type="stmt" count="0"/>
      <line num="53" type="stmt" count="0"/>
      <line num="56" type="stmt" count="0"/>
      <line num="61" type="stmt" count="0"/>
      <line num="90" type="stmt" count="0"/>
      <line num="95" type="stmt" count="0"/>
      <line num="105" type="stmt" count="0"/>
      <line num="118" type="stmt" count="0"/>
      <line num="126" type="stmt" count="0"/>
      <line num="128" type="stmt" count="0"/>
      <metrics loc="145" ncloc="145" classes="1" methods="6" coveredmethods="0" conditionals="0" coveredconditionals="0" statements="18" coveredstatements="0" elements="24" coveredelements="0"/>
    </file>
    <file name="/Users/mlantz/Code/_open_source/Grafite/Forms/src/Fields/Bootstrap/Country.php">
      <class name="Grafite\Forms\Fields\Bootstrap\Country" namespace="global">
        <metrics complexity="3" methods="3" coveredmethods="0" conditionals="0" coveredconditionals="0" statements="3" coveredstatements="0" elements="6" coveredelements="0"/>
      </class>
      <line num="9" type="method" name="getType" visibility="protected" complexity="1" crap="2" count="0"/>
      <line num="11" type="stmt" count="0"/>
      <line num="14" type="method" name="getOptions" visibility="protected" complexity="1" crap="2" count="0"/>
      <line num="18" type="stmt" count="0"/>
      <line num="261" type="method" name="getAttributes" visibility="protected" complexity="1" crap="2" count="0"/>
      <line num="264" type="stmt" count="0"/>
      <metrics loc="272" ncloc="272" classes="1" methods="3" coveredmethods="0" conditionals="0" coveredconditionals="0" statements="3" coveredstatements="0" elements="6" coveredelements="0"/>
    </file>
    <file name="/Users/mlantz/Code/_open_source/Grafite/Forms/src/Fields/Bootstrap/HasMany.php">
      <class name="Grafite\Forms\Fields\Bootstrap\HasMany" namespace="global">
        <metrics complexity="2" methods="2" coveredmethods="0" conditionals="0" coveredconditionals="0" statements="2" coveredstatements="0" elements="4" coveredelements="0"/>
      </class>
      <line num="9" type="method" name="getType" visibility="protected" complexity="1" crap="2" count="0"/>
      <line num="11" type="stmt" count="0"/>
      <line num="14" type="method" name="getAttributes" visibility="protected" complexity="1" crap="2" count="0"/>
      <line num="17" type="stmt" count="0"/>
      <metrics loc="22" ncloc="22" classes="1" methods="2" coveredmethods="0" conditionals="0" coveredconditionals="0" statements="2" coveredstatements="0" elements="4" coveredelements="0"/>
    </file>
    <file name="/Users/mlantz/Code/_open_source/Grafite/Forms/src/Fields/Bootstrap/HasOne.php">
      <class name="Grafite\Forms\Fields\Bootstrap\HasOne" namespace="global">
        <metrics complexity="2" methods="2" coveredmethods="0" conditionals="0" coveredconditionals="0" statements="2" coveredstatements="0" elements="4" coveredelements="0"/>
      </class>
      <line num="9" type="method" name="getType" visibility="protected" complexity="1" crap="2" count="0"/>
      <line num="11" type="stmt" count="0"/>
      <line num="14" type="method" name="getAttributes" visibility="protected" complexity="1" crap="2" count="0"/>
      <line num="17" type="stmt" count="0"/>
      <metrics loc="21" ncloc="21" classes="1" methods="2" coveredmethods="0" conditionals="0" coveredconditionals="0" statements="2" coveredstatements="0" elements="4" coveredelements="0"/>
    </file>
    <file name="/Users/mlantz/Code/_open_source/Grafite/Forms/src/Fields/Bootstrap/Select.php">
      <class name="Grafite\Forms\Fields\Bootstrap\Select" namespace="global">
        <metrics complexity="8" methods="7" coveredmethods="0" conditionals="0" coveredconditionals="0" statements="21" coveredstatements="0" elements="28" coveredelements="0"/>
      </class>
      <line num="9" type="method" name="getType" visibility="protected" complexity="1" crap="2" count="0"/>
      <line num="11" type="stmt" count="0"/>
      <line num="14" type="method" name="getAttributes" visibility="protected" complexity="1" crap="2" count="0"/>
      <line num="17" type="stmt" count="0"/>
      <line num="23" type="method" name="getFactory" visibility="protected" complexity="1" crap="2" count="0"/>
      <line num="25" type="stmt" count="0"/>
      <line num="28" type="method" name="stylesheets" visibility="protected" complexity="1" crap="2" count="0"/>
      <line num="31" type="stmt" count="0"/>
      <line num="35" type="method" name="scripts" visibility="protected" complexity="1" crap="2" count="0"/>
      <line num="38" type="stmt" count="0"/>
      <line num="42" type="method" name="styles" visibility="protected" complexity="1" crap="2" count="0"/>
      <line num="45" type="stmt" count="0"/>
      <line num="74" type="method" name="js" visibility="protected" complexity="2" crap="6" count="0"/>
      <line num="76" type="stmt" count="0"/>
      <line num="77" type="stmt" count="0"/>
      <line num="78" type="stmt" count="0"/>
      <line num="80" type="stmt" count="0"/>
      <line num="81" type="stmt" count="0"/>
      <line num="94" type="stmt" count="0"/>
      <line num="99" type="stmt" count="0"/>
      <line num="101" type="stmt" count="0"/>
      <line num="124" type="stmt" count="0"/>
      <line num="133" type="stmt" count="0"/>
      <line num="137" type="stmt" count="0"/>
      <line num="144" type="stmt" count="0"/>
      <line num="145" type="stmt" count="0"/>
      <line num="149" type="stmt" count="0"/>
      <line num="150" type="stmt" count="0"/>
      <metrics loc="157" ncloc="157" classes="1" methods="7" coveredmethods="0" conditionals="0" coveredconditionals="0" statements="21" coveredstatements="0" elements="28" coveredelements="0"/>
    </file>
    <file name="/Users/mlantz/Code/_open_source/Grafite/Forms/src/Fields/Bootstrap/Suggest.php">
      <class name="Grafite\Forms\Fields\Bootstrap\Suggest" namespace="global">
        <metrics complexity="2" methods="2" coveredmethods="0" conditionals="0" coveredconditionals="0" statements="2" coveredstatements="0" elements="4" coveredelements="0"/>
      </class>
      <line num="9" type="method" name="getType" visibility="protected" complexity="1" crap="2" count="0"/>
      <line num="11" type="stmt" count="0"/>
      <line num="14" type="method" name="getAttributes" visibility="protected" complexity="1" crap="2" count="0"/>
      <line num="17" type="stmt" count="0"/>
      <metrics loc="23" ncloc="23" classes="1" methods="2" coveredmethods="0" conditionals="0" coveredconditionals="0" statements="2" coveredstatements="0" elements="4" coveredelements="0"/>
    </file>
    <file name="/Users/mlantz/Code/_open_source/Grafite/Forms/src/Fields/Bootstrap/Timezone.php">
      <class name="Grafite\Forms\Fields\Bootstrap\Timezone" namespace="global">
        <metrics complexity="3" methods="3" coveredmethods="0" conditionals="0" coveredconditionals="0" statements="3" coveredstatements="0" elements="6" coveredelements="0"/>
      </class>
      <line num="9" type="method" name="getType" visibility="protected" complexity="1" crap="2" count="0"/>
      <line num="11" type="stmt" count="0"/>
      <line num="14" type="method" name="getOptions" visibility="protected" complexity="1" crap="2" count="0"/>
      <line num="18" type="stmt" count="0"/>
      <line num="165" type="method" name="getAttributes" visibility="protected" complexity="1" crap="2" count="0"/>
      <line num="168" type="stmt" count="0"/>
      <metrics loc="174" ncloc="174" classes="1" methods="3" coveredmethods="0" conditionals="0" coveredconditionals="0" statements="3" coveredstatements="0" elements="6" coveredelements="0"/>
    </file>
    <file name="/Users/mlantz/Code/_open_source/Grafite/Forms/src/Fields/Bootstrap/Toggle.php">
      <class name="Grafite\Forms\Fields\Bootstrap\Toggle" namespace="global">
        <metrics complexity="7" methods="7" coveredmethods="0" conditionals="0" coveredconditionals="0" statements="17" coveredstatements="0" elements="24" coveredelements="0"/>
      </class>
      <line num="9" type="method" name="getType" visibility="protected" complexity="1" crap="2" count="0"/>
      <line num="11" type="stmt" count="0"/>
      <line num="14" type="method" name="getOptions" visibility="protected" complexity="1" crap="2" count="0"/>
      <line num="17" type="stmt" count="0"/>
      <line num="21" type="method" name="getAttributes" visibility="protected" complexity="1" crap="2" count="0"/>
      <line num="23" type="stmt" count="0"/>
      <line num="26" type="method" name="getFactory" visibility="protected" complexity="1" crap="2" count="0"/>
      <line num="28" type="stmt" count="0"/>
      <line num="31" type="method" name="stylesheets" visibility="protected" complexity="1" crap="2" count="0"/>
      <line num="34" type="stmt" count="0"/>
      <line num="38" type="method" name="scripts" visibility="protected" complexity="1" crap="2" count="0"/>
      <line num="41" type="stmt" count="0"/>
      <line num="45" type="method" name="js" visibility="protected" complexity="1" crap="2" count="0"/>
      <line num="47" type="stmt" count="0"/>
      <line num="48" type="stmt" count="0"/>
      <line num="49" type="stmt" count="0"/>
      <line num="50" type="stmt" count="0"/>
      <line num="51" type="stmt" count="0"/>
      <line num="54" type="stmt" count="0"/>
      <line num="55" type="stmt" count="0"/>
      <line num="56" type="stmt" count="0"/>
      <line num="57" type="stmt" count="0"/>
      <line num="58" type="stmt" count="0"/>
      <line num="60" type="stmt" count="0"/>
      <metrics loc="63" ncloc="63" classes="1" methods="7" coveredmethods="0" conditionals="0" coveredconditionals="0" statements="17" coveredstatements="0" elements="24" coveredelements="0"/>
    </file>
    <file name="/Users/mlantz/Code/_open_source/Grafite/Forms/src/Fields/Checkbox.php">
      <class name="Grafite\Forms\Fields\Checkbox" namespace="global">
        <metrics complexity="4" methods="4" coveredmethods="4" conditionals="0" coveredconditionals="0" statements="4" coveredstatements="4" elements="8" coveredelements="8"/>
      </class>
      <line num="9" type="method" name="getType" visibility="protected" complexity="1" crap="1" count="4"/>
      <line num="11" type="stmt" count="4"/>
      <line num="14" type="method" name="getOptions" visibility="protected" complexity="1" crap="1" count="4"/>
      <line num="17" type="stmt" count="4"/>
      <line num="21" type="method" name="getAttributes" visibility="protected" complexity="1" crap="1" count="4"/>
      <line num="24" type="stmt" count="4"/>
      <line num="28" type="method" name="getFactory" visibility="protected" complexity="1" crap="1" count="4"/>
      <line num="30" type="stmt" count="4"/>
      <metrics loc="32" ncloc="32" classes="1" methods="4" coveredmethods="4" conditionals="0" coveredconditionals="0" statements="4" coveredstatements="4" elements="8" coveredelements="8"/>
    </file>
    <file name="/Users/mlantz/Code/_open_source/Grafite/Forms/src/Fields/CheckboxInline.php">
      <class name="Grafite\Forms\Fields\CheckboxInline" namespace="global">
        <metrics complexity="4" methods="4" coveredmethods="4" conditionals="0" coveredconditionals="0" statements="4" coveredstatements="4" elements="8" coveredelements="8"/>
      </class>
      <line num="9" type="method" name="getType" visibility="protected" complexity="1" crap="1" count="2"/>
      <line num="11" type="stmt" count="2"/>
      <line num="14" type="method" name="getOptions" visibility="protected" complexity="1" crap="1" count="2"/>
      <line num="17" type="stmt" count="2"/>
      <line num="21" type="method" name="getAttributes" visibility="protected" complexity="1" crap="1" count="2"/>
      <line num="24" type="stmt" count="2"/>
      <line num="28" type="method" name="getFactory" visibility="protected" complexity="1" crap="1" count="2"/>
      <line num="30" type="stmt" count="2"/>
      <metrics loc="32" ncloc="32" classes="1" methods="4" coveredmethods="4" conditionals="0" coveredconditionals="0" statements="4" coveredstatements="4" elements="8" coveredelements="8"/>
    </file>
    <file name="/Users/mlantz/Code/_open_source/Grafite/Forms/src/Fields/Code.php">
      <class name="Grafite\Forms\Fields\Code" namespace="global">
        <metrics complexity="6" methods="6" coveredmethods="0" conditionals="0" coveredconditionals="0" statements="16" coveredstatements="0" elements="22" coveredelements="0"/>
      </class>
      <line num="9" type="method" name="getType" visibility="protected" complexity="1" crap="2" count="0"/>
      <line num="11" type="stmt" count="0"/>
      <line num="14" type="method" name="getAttributes" visibility="protected" complexity="1" crap="2" count="0"/>
      <line num="17" type="stmt" count="0"/>
      <line num="21" type="method" name="getFactory" visibility="protected" complexity="1" crap="2" count="0"/>
      <line num="23" type="stmt" count="0"/>
      <line num="26" type="method" name="stylesheets" visibility="protected" complexity="1" crap="2" count="0"/>
      <line num="28" type="stmt" count="0"/>
      <line num="31" type="stmt" count="0"/>
      <line num="32" type="stmt" count="0"/>
      <line num="36" type="method" name="scripts" visibility="protected" complexity="1" crap="2" count="0"/>
      <line num="38" type="stmt" count="0"/>
      <line num="41" type="stmt" count="0"/>
      <line num="42" type="stmt" count="0"/>
      <line num="43" type="stmt" count="0"/>
      <line num="44" type="stmt" count="0"/>
      <line num="48" type="method" name="js" visibility="protected" complexity="1" crap="2" count="0"/>
      <line num="50" type="stmt" count="0"/>
      <line num="51" type="stmt" count="0"/>
      <line num="54" type="stmt" count="0"/>
      <line num="56" type="stmt" count="0"/>
      <line num="57" type="stmt" count="0"/>
      <metrics loc="61" ncloc="61" classes="1" methods="6" coveredmethods="0" conditionals="0" coveredconditionals="0" statements="16" coveredstatements="0" elements="22" coveredelements="0"/>
    </file>
    <file name="/Users/mlantz/Code/_open_source/Grafite/Forms/src/Fields/Color.php">
      <class name="Grafite\Forms\Fields\Color" namespace="global">
        <metrics complexity="3" methods="3" coveredmethods="3" conditionals="0" coveredconditionals="0" statements="3" coveredstatements="3" elements="6" coveredelements="6"/>
      </class>
      <line num="9" type="method" name="getType" visibility="protected" complexity="1" crap="1" count="1"/>
      <line num="11" type="stmt" count="1"/>
      <line num="14" type="method" name="getOptions" visibility="protected" complexity="1" crap="1" count="1"/>
      <line num="17" type="stmt" count="1"/>
      <line num="21" type="method" name="getFactory" visibility="protected" complexity="1" crap="1" count="1"/>
      <line num="23" type="stmt" count="1"/>
      <metrics loc="25" ncloc="25" classes="1" methods="3" coveredmethods="3" conditionals="0" coveredconditionals="0" statements="3" coveredstatements="3" elements="6" coveredelements="6"/>
    </file>
    <file name="/Users/mlantz/Code/_open_source/Grafite/Forms/src/Fields/CustomFile.php">
      <class name="Grafite\Forms\Fields\CustomFile" namespace="global">
        <metrics complexity="6" methods="6" coveredmethods="6" conditionals="0" coveredconditionals="0" statements="6" coveredstatements="6" elements="12" coveredelements="12"/>
      </class>
      <line num="9" type="method" name="getType" visibility="protected" complexity="1" crap="1" count="1"/>
      <line num="11" type="stmt" count="1"/>
      <line num="14" type="method" name="getOptions" visibility="protected" complexity="1" crap="1" count="1"/>
      <line num="16" type="stmt" count="1"/>
      <line num="19" type="method" name="getAttributes" visibility="protected" complexity="1" crap="1" count="1"/>
      <line num="22" type="stmt" count="1"/>
      <line num="26" type="method" name="getFactory" visibility="protected" complexity="1" crap="1" count="1"/>
      <line num="28" type="stmt" count="1"/>
      <line num="31" type="method" name="getTemplate" visibility="protected" complexity="1" crap="1" count="1"/>
      <line num="34" type="stmt" count="1"/>
      <line num="44" type="method" name="js" visibility="protected" complexity="1" crap="1" count="1"/>
      <line num="47" type="stmt" count="1"/>
      <metrics loc="52" ncloc="52" classes="1" methods="6" coveredmethods="6" conditionals="0" coveredconditionals="0" statements="6" coveredstatements="6" elements="12" coveredelements="12"/>
    </file>
    <file name="/Users/mlantz/Code/_open_source/Grafite/Forms/src/Fields/Datalist.php">
      <class name="Grafite\Forms\Fields\Datalist" namespace="global">
        <metrics complexity="2" methods="2" coveredmethods="2" conditionals="0" coveredconditionals="0" statements="2" coveredstatements="2" elements="4" coveredelements="4"/>
      </class>
      <line num="9" type="method" name="getType" visibility="protected" complexity="1" crap="1" count="1"/>
      <line num="11" type="stmt" count="1"/>
      <line num="14" type="method" name="getFactory" visibility="protected" complexity="1" crap="1" count="1"/>
      <line num="16" type="stmt" count="1"/>
      <metrics loc="18" ncloc="18" classes="1" methods="2" coveredmethods="2" conditionals="0" coveredconditionals="0" statements="2" coveredstatements="2" elements="4" coveredelements="4"/>
    </file>
    <file name="/Users/mlantz/Code/_open_source/Grafite/Forms/src/Fields/Date.php">
      <class name="Grafite\Forms\Fields\Date" namespace="global">
        <metrics complexity="3" methods="3" coveredmethods="3" conditionals="0" coveredconditionals="0" statements="3" coveredstatements="3" elements="6" coveredelements="6"/>
      </class>
      <line num="9" type="method" name="getType" visibility="protected" complexity="1" crap="1" count="1"/>
      <line num="11" type="stmt" count="1"/>
      <line num="14" type="method" name="getOptions" visibility="protected" complexity="1" crap="1" count="1"/>
      <line num="17" type="stmt" count="1"/>
      <line num="22" type="method" name="getFactory" visibility="protected" complexity="1" crap="1" count="1"/>
      <line num="24" type="stmt" count="1"/>
      <metrics loc="26" ncloc="26" classes="1" methods="3" coveredmethods="3" conditionals="0" coveredconditionals="0" statements="3" coveredstatements="3" elements="6" coveredelements="6"/>
    </file>
    <file name="/Users/mlantz/Code/_open_source/Grafite/Forms/src/Fields/Datepicker.php">
      <class name="Grafite\Forms\Fields\Datepicker" namespace="global">
        <metrics complexity="13" methods="7" coveredmethods="0" conditionals="0" coveredconditionals="0" statements="45" coveredstatements="0" elements="52" coveredelements="0"/>
      </class>
      <line num="9" type="method" name="getType" visibility="protected" complexity="1" crap="2" count="0"/>
      <line num="11" type="stmt" count="0"/>
      <line num="14" type="method" name="getOptions" visibility="protected" complexity="1" crap="2" count="0"/>
      <line num="17" type="stmt" count="0"/>
      <line num="21" type="method" name="getFactory" visibility="protected" complexity="1" crap="2" count="0"/>
      <line num="23" type="stmt" count="0"/>
      <line num="26" type="method" name="stylesheets" visibility="protected" complexity="1" crap="2" count="0"/>
      <line num="29" type="stmt" count="0"/>
      <line num="33" type="method" name="scripts" visibility="protected" complexity="1" crap="2" count="0"/>
      <line num="36" type="stmt" count="0"/>
      <line num="41" type="method" name="styles" visibility="protected" complexity="7" crap="56" count="0"/>
      <line num="43" type="stmt" count="0"/>
      <line num="45" type="stmt" count="0"/>
      <line num="46" type="stmt" count="0"/>
      <line num="47" type="stmt" count="0"/>
      <line num="48" type="stmt" count="0"/>
      <line num="49" type="stmt" count="0"/>
      <line num="51" type="stmt" count="0"/>
      <line num="52" type="stmt" count="0"/>
      <line num="55" type="stmt" count="0"/>
      <line num="56" type="stmt" count="0"/>
      <line num="59" type="stmt" count="0"/>
      <line num="60" type="stmt" count="0"/>
      <line num="64" type="stmt" count="0"/>
      <line num="65" type="stmt" count="0"/>
      <line num="66" type="stmt" count="0"/>
      <line num="69" type="stmt" count="0"/>
      <line num="70" type="stmt" count="0"/>
      <line num="77" type="stmt" count="0"/>
      <line num="78" type="stmt" count="0"/>
      <line num="81" type="stmt" count="0"/>
      <line num="82" type="stmt" count="0"/>
      <line num="85" type="stmt" count="0"/>
      <line num="88" type="stmt" count="0"/>
      <line num="93" type="method" name="js" visibility="protected" complexity="1" crap="2" count="0"/>
      <line num="95" type="stmt" count="0"/>
      <line num="96" type="stmt" count="0"/>
      <line num="97" type="stmt" count="0"/>
      <line num="98" type="stmt" count="0"/>
      <line num="99" type="stmt" count="0"/>
      <line num="102" type="stmt" count="0"/>
      <line num="103" type="stmt" count="0"/>
      <line num="104" type="stmt" count="0"/>
      <line num="105" type="stmt" count="0"/>
      <line num="107" type="stmt" count="0"/>
      <line num="111" type="stmt" count="0"/>
      <line num="125" type="stmt" count="0"/>
      <line num="126" type="stmt" count="0"/>
      <line num="127" type="stmt" count="0"/>
      <line num="128" type="stmt" count="0"/>
      <line num="129" type="stmt" count="0"/>
      <line num="131" type="stmt" count="0"/>
      <metrics loc="134" ncloc="134" classes="1" methods="7" coveredmethods="0" conditionals="0" coveredconditionals="0" statements="45" coveredstatements="0" elements="52" coveredelements="0"/>
    </file>
    <file name="/Users/mlantz/Code/_open_source/Grafite/Forms/src/Fields/DatetimeLocal.php">
      <class name="Grafite\Forms\Fields\DatetimeLocal" namespace="global">
        <metrics complexity="3" methods="3" coveredmethods="3" conditionals="0" coveredconditionals="0" statements="3" coveredstatements="3" elements="6" coveredelements="6"/>
      </class>
      <line num="9" type="method" name="getType" visibility="protected" complexity="1" crap="1" count="1"/>
      <line num="11" type="stmt" count="1"/>
      <line num="14" type="method" name="getOptions" visibility="protected" complexity="1" crap="1" count="1"/>
      <line num="17" type="stmt" count="1"/>
      <line num="22" type="method" name="getFactory" visibility="protected" complexity="1" crap="1" count="1"/>
      <line num="24" type="stmt" count="1"/>
      <metrics loc="26" ncloc="26" classes="1" methods="3" coveredmethods="3" conditionals="0" coveredconditionals="0" statements="3" coveredstatements="3" elements="6" coveredelements="6"/>
    </file>
    <file name="/Users/mlantz/Code/_open_source/Grafite/Forms/src/Fields/Decimal.php">
      <class name="Grafite\Forms\Fields\Decimal" namespace="global">
        <metrics complexity="3" methods="3" coveredmethods="3" conditionals="0" coveredconditionals="0" statements="3" coveredstatements="3" elements="6" coveredelements="6"/>
      </class>
      <line num="9" type="method" name="getType" visibility="protected" complexity="1" crap="1" count="1"/>
      <line num="11" type="stmt" count="1"/>
      <line num="14" type="method" name="getAttributes" visibility="protected" complexity="1" crap="1" count="1"/>
      <line num="17" type="stmt" count="1"/>
      <line num="21" type="method" name="getFactory" visibility="protected" complexity="1" crap="1" count="1"/>
      <line num="23" type="stmt" count="1"/>
      <metrics loc="25" ncloc="25" classes="1" methods="3" coveredmethods="3" conditionals="0" coveredconditionals="0" statements="3" coveredstatements="3" elements="6" coveredelements="6"/>
    </file>
    <file name="/Users/mlantz/Code/_open_source/Grafite/Forms/src/Fields/Dropzone.php">
      <class name="Grafite\Forms\Fields\Dropzone" namespace="global">
        <metrics complexity="9" methods="8" coveredmethods="0" conditionals="0" coveredconditionals="0" statements="26" coveredstatements="0" elements="34" coveredelements="0"/>
      </class>
      <line num="9" type="method" name="getType" visibility="protected" complexity="1" crap="2" count="0"/>
      <line num="11" type="stmt" count="0"/>
      <line num="14" type="method" name="getAttributes" visibility="protected" complexity="1" crap="2" count="0"/>
      <line num="16" type="stmt" count="0"/>
      <line num="19" type="method" name="getFactory" visibility="protected" complexity="1" crap="2" count="0"/>
      <line num="21" type="stmt" count="0"/>
      <line num="24" type="method" name="stylesheets" visibility="protected" complexity="1" crap="2" count="0"/>
      <line num="27" type="stmt" count="0"/>
      <line num="31" type="method" name="scripts" visibility="protected" complexity="1" crap="2" count="0"/>
      <line num="34" type="stmt" count="0"/>
      <line num="38" type="method" name="getTemplate" visibility="protected" complexity="1" crap="2" count="0"/>
      <line num="41" type="stmt" count="0"/>
      <line num="51" type="method" name="styles" visibility="protected" complexity="2" crap="6" count="0"/>
      <line num="53" type="stmt" count="0"/>
      <line num="54" type="stmt" count="0"/>
      <line num="55" type="stmt" count="0"/>
      <line num="57" type="stmt" count="0"/>
      <line num="58" type="stmt" count="0"/>
      <line num="59" type="stmt" count="0"/>
      <line num="63" type="stmt" count="0"/>
      <line num="65" type="stmt" count="0"/>
      <line num="66" type="stmt" count="0"/>
      <line num="79" type="method" name="js" visibility="protected" complexity="1" crap="2" count="0"/>
      <line num="81" type="stmt" count="0"/>
      <line num="82" type="stmt" count="0"/>
      <line num="83" type="stmt" count="0"/>
      <line num="84" type="stmt" count="0"/>
      <line num="85" type="stmt" count="0"/>
      <line num="88" type="stmt" count="0"/>
      <line num="89" type="stmt" count="0"/>
      <line num="90" type="stmt" count="0"/>
      <line num="91" type="stmt" count="0"/>
      <line num="93" type="stmt" count="0"/>
      <line num="95" type="stmt" count="0"/>
      <metrics loc="99" ncloc="99" classes="1" methods="8" coveredmethods="0" conditionals="0" coveredconditionals="0" statements="26" coveredstatements="0" elements="34" coveredelements="0"/>
    </file>
    <file name="/Users/mlantz/Code/_open_source/Grafite/Forms/src/Fields/Editor.php">
      <class name="Grafite\Forms\Fields\Editor" namespace="global">
        <metrics complexity="9" methods="7" coveredmethods="0" conditionals="0" coveredconditionals="0" statements="31" coveredstatements="0" elements="38" coveredelements="0"/>
      </class>
      <line num="7" type="method" name="getType" visibility="protected" complexity="1" crap="2" count="0"/>
      <line num="9" type="stmt" count="0"/>
      <line num="12" type="method" name="getAttributes" visibility="protected" complexity="1" crap="2" count="0"/>
      <line num="14" type="stmt" count="0"/>
      <line num="17" type="method" name="getFactory" visibility="protected" complexity="1" crap="2" count="0"/>
      <line num="19" type="stmt" count="0"/>
      <line num="22" type="method" name="getTemplate" visibility="protected" complexity="1" crap="2" count="0"/>
      <line num="25" type="stmt" count="0"/>
      <line num="36" type="method" name="styles" visibility="protected" complexity="2" crap="6" count="0"/>
      <line num="38" type="stmt" count="0"/>
      <line num="40" type="stmt" count="0"/>
      <line num="41" type="stmt" count="0"/>
      <line num="42" type="stmt" count="0"/>
      <line num="44" type="stmt" count="0"/>
      <line num="45" type="stmt" count="0"/>
      <line num="46" type="stmt" count="0"/>
      <line num="47" type="stmt" count="0"/>
      <line num="51" type="stmt" count="0"/>
      <line num="53" type="stmt" count="0"/>
      <line num="54" type="stmt" count="0"/>
      <line num="61" type="method" name="scripts" visibility="protected" complexity="1" crap="2" count="0"/>
      <line num="64" type="stmt" count="0"/>
      <line num="82" type="method" name="js" visibility="protected" complexity="2" crap="6" count="0"/>
      <line num="84" type="stmt" count="0"/>
      <line num="85" type="stmt" count="0"/>
      <line num="87" type="stmt" count="0"/>
      <line num="88" type="stmt" count="0"/>
      <line num="92" type="stmt" count="0"/>
      <line num="94" type="stmt" count="0"/>
      <line num="95" type="stmt" count="0"/>
      <line num="98" type="stmt" count="0"/>
      <line num="99" type="stmt" count="0"/>
      <line num="100" type="stmt" count="0"/>
      <line num="101" type="stmt" count="0"/>
      <line num="121" type="stmt" count="0"/>
      <line num="135" type="stmt" count="0"/>
      <line num="138" type="stmt" count="0"/>
      <line num="139" type="stmt" count="0"/>
      <metrics loc="149" ncloc="149" classes="1" methods="7" coveredmethods="0" conditionals="0" coveredconditionals="0" statements="31" coveredstatements="0" elements="38" coveredelements="0"/>
    </file>
    <file name="/Users/mlantz/Code/_open_source/Grafite/Forms/src/Fields/Email.php">
      <class name="Grafite\Forms\Fields\Email" namespace="global">
        <metrics complexity="2" methods="2" coveredmethods="2" conditionals="0" coveredconditionals="0" statements="2" coveredstatements="2" elements="4" coveredelements="4"/>
      </class>
      <line num="9" type="method" name="getType" visibility="protected" complexity="1" crap="1" count="16"/>
      <line num="11" type="stmt" count="16"/>
      <line num="14" type="method" name="getFactory" visibility="protected" complexity="1" crap="1" count="16"/>
      <line num="16" type="stmt" count="16"/>
      <metrics loc="18" ncloc="18" classes="1" methods="2" coveredmethods="2" conditionals="0" coveredconditionals="0" statements="2" coveredstatements="2" elements="4" coveredelements="4"/>
    </file>
    <file name="/Users/mlantz/Code/_open_source/Grafite/Forms/src/Fields/Field.php">
      <class name="Grafite\Forms\Fields\Field" namespace="global">
        <metrics complexity="20" methods="17" coveredmethods="17" conditionals="0" coveredconditionals="0" statements="41" coveredstatements="41" elements="58" coveredelements="58"/>
      </class>
      <line num="36" type="method" name="getType" visibility="protected" complexity="1" crap="1" count="1"/>
      <line num="38" type="stmt" count="1"/>
      <line num="46" type="method" name="getFactory" visibility="protected" complexity="1" crap="1" count="2"/>
      <line num="48" type="stmt" count="2"/>
      <line num="56" type="method" name="getOptions" visibility="protected" complexity="1" crap="1" count="98"/>
      <line num="58" type="stmt" count="98"/>
      <line num="66" type="method" name="getSelectOptions" visibility="protected" complexity="1" crap="1" count="111"/>
      <line num="68" type="stmt" count="111"/>
      <line num="76" type="method" name="getAttributes" visibility="protected" complexity="1" crap="1" count="89"/>
      <line num="78" type="stmt" count="89"/>
      <line num="89" type="method" name="make" visibility="public" complexity="1" crap="1" count="111"/>
      <line num="91" type="stmt" count="111"/>
      <line num="93" type="stmt" count="111"/>
      <line num="94" type="stmt" count="111"/>
      <line num="95" type="stmt" count="111"/>
      <line num="96" type="stmt" count="111"/>
      <line num="97" type="stmt" count="111"/>
      <line num="98" type="stmt" count="111"/>
      <line num="99" type="stmt" count="111"/>
      <line num="100" type="stmt" count="111"/>
      <line num="102" type="stmt" count="111"/>
      <line num="103" type="stmt" count="111"/>
      <line num="104" type="stmt" count="111"/>
      <line num="105" type="stmt" count="111"/>
      <line num="106" type="stmt" count="111"/>
      <line num="109" type="stmt" count="111"/>
      <line num="111" type="stmt" count="111"/>
      <line num="121" type="method" name="parseOptions" visibility="protected" complexity="1" crap="1" count="111"/>
      <line num="123" type="stmt" count="111"/>
      <line num="131" type="method" name="getFieldOptions" visibility="protected" complexity="1" crap="1" count="111"/>
      <line num="133" type="stmt" count="111"/>
      <line num="143" type="method" name="parseAttributes" visibility="protected" complexity="2" crap="2" count="111"/>
      <line num="145" type="stmt" count="111"/>
      <line num="146" type="stmt" count="111"/>
      <line num="149" type="stmt" count="111"/>
      <line num="160" type="method" name="getWrappers" visibility="protected" complexity="3" crap="3" count="111"/>
      <line num="162" type="stmt" count="111"/>
      <line num="163" type="stmt" count="111"/>
      <line num="165" type="stmt" count="111"/>
      <line num="166" type="stmt" count="111"/>
      <line num="169" type="stmt" count="111"/>
      <line num="170" type="stmt" count="6"/>
      <line num="171" type="stmt" count="6"/>
      <line num="175" type="stmt" count="111"/>
      <line num="183" type="method" name="fieldOptions" visibility="protected" complexity="1" crap="1" count="111"/>
      <line num="185" type="stmt" count="111"/>
      <line num="193" type="method" name="getView" visibility="protected" complexity="1" crap="1" count="111"/>
      <line num="195" type="stmt" count="111"/>
      <line num="204" type="method" name="getTemplate" visibility="protected" complexity="1" crap="1" count="109"/>
      <line num="206" type="stmt" count="109"/>
      <line num="215" type="method" name="stylesheets" visibility="protected" complexity="1" crap="1" count="104"/>
      <line num="217" type="stmt" count="104"/>
      <line num="227" type="method" name="styles" visibility="protected" complexity="1" crap="1" count="105"/>
      <line num="229" type="stmt" count="105"/>
      <line num="238" type="method" name="scripts" visibility="protected" complexity="1" crap="1" count="104"/>
      <line num="240" type="stmt" count="104"/>
      <line num="250" type="method" name="js" visibility="protected" complexity="1" crap="1" count="103"/>
      <line num="252" type="stmt" count="103"/>
      <metrics loc="254" ncloc="152" classes="1" methods="17" coveredmethods="17" conditionals="0" coveredconditionals="0" statements="41" coveredstatements="41" elements="58" coveredelements="58"/>
    </file>
    <file name="/Users/mlantz/Code/_open_source/Grafite/Forms/src/Fields/File.php">
      <class name="Grafite\Forms\Fields\File" namespace="global">
        <metrics complexity="3" methods="3" coveredmethods="3" conditionals="0" coveredconditionals="0" statements="3" coveredstatements="3" elements="6" coveredelements="6"/>
      </class>
      <line num="9" type="method" name="getType" visibility="protected" complexity="1" crap="1" count="2"/>
      <line num="11" type="stmt" count="2"/>
      <line num="14" type="method" name="getOptions" visibility="protected" complexity="1" crap="1" count="2"/>
      <line num="17" type="stmt" count="2"/>
      <line num="21" type="method" name="getFactory" visibility="protected" complexity="1" crap="1" count="2"/>
      <line num="23" type="stmt" count="2"/>
      <metrics loc="25" ncloc="25" classes="1" methods="3" coveredmethods="3" conditionals="0" coveredconditionals="0" statements="3" coveredstatements="3" elements="6" coveredelements="6"/>
    </file>
    <file name="/Users/mlantz/Code/_open_source/Grafite/Forms/src/Fields/FileWithPreview.php">
      <class name="Grafite\Forms\Fields\FileWithPreview" namespace="global">
        <metrics complexity="6" methods="5" coveredmethods="0" conditionals="0" coveredconditionals="0" statements="11" coveredstatements="0" elements="16" coveredelements="0"/>
      </class>
      <line num="9" type="method" name="getType" visibility="protected" complexity="1" crap="2" count="0"/>
      <line num="11" type="stmt" count="0"/>
      <line num="14" type="method" name="getAttributes" visibility="protected" complexity="1" crap="2" count="0"/>
      <line num="17" type="stmt" count="0"/>
      <line num="21" type="method" name="getFactory" visibility="protected" complexity="1" crap="2" count="0"/>
      <line num="23" type="stmt" count="0"/>
      <line num="26" type="method" name="getTemplate" visibility="protected" complexity="1" crap="2" count="0"/>
      <line num="29" type="stmt" count="0"/>
      <line num="39" type="method" name="js" visibility="protected" complexity="2" crap="6" count="0"/>
      <line num="41" type="stmt" count="0"/>
      <line num="42" type="stmt" count="0"/>
      <line num="44" type="stmt" count="0"/>
      <line num="46" type="stmt" count="0"/>
      <line num="47" type="stmt" count="0"/>
      <line num="51" type="stmt" count="0"/>
      <line num="56" type="stmt" count="0"/>
      <metrics loc="64" ncloc="64" classes="1" methods="5" coveredmethods="0" conditionals="0" coveredconditionals="0" statements="11" coveredstatements="0" elements="16" coveredelements="0"/>
    </file>
    <file name="/Users/mlantz/Code/_open_source/Grafite/Forms/src/Fields/Filepond.php">
      <class name="App\Http\Forms\Fields\FilePond" namespace="global">
        <metrics complexity="10" methods="8" coveredmethods="0" conditionals="0" coveredconditionals="0" statements="22" coveredstatements="0" elements="30" coveredelements="0"/>
      </class>
      <line num="10" type="method" name="getType" visibility="protected" complexity="1" crap="2" count="0"/>
      <line num="12" type="stmt" count="0"/>
      <line num="15" type="method" name="getAttributes" visibility="protected" complexity="1" crap="2" count="0"/>
      <line num="17" type="stmt" count="0"/>
      <line num="20" type="method" name="getFactory" visibility="protected" complexity="1" crap="2" count="0"/>
      <line num="22" type="stmt" count="0"/>
      <line num="25" type="method" name="stylesheets" visibility="protected" complexity="1" crap="2" count="0"/>
      <line num="28" type="stmt" count="0"/>
      <line num="32" type="method" name="scripts" visibility="protected" complexity="1" crap="2" count="0"/>
      <line num="35" type="stmt" count="0"/>
      <line num="40" type="method" name="getTemplate" visibility="protected" complexity="1" crap="2" count="0"/>
      <line num="43" type="stmt" count="0"/>
      <line num="51" type="method" name="styles" visibility="protected" complexity="1" crap="2" count="0"/>
      <line num="54" type="stmt" count="0"/>
      <line num="66" type="method" name="js" visibility="protected" complexity="3" crap="12" count="0"/>
      <line num="68" type="stmt" count="0"/>
      <line num="69" type="stmt" count="0"/>
      <line num="70" type="stmt" count="0"/>
      <line num="71" type="stmt" count="0"/>
      <line num="72" type="stmt" count="0"/>
      <line num="74" type="stmt" count="0"/>
      <line num="75" type="stmt" count="0"/>
      <line num="78" type="stmt" count="0"/>
      <line num="79" type="stmt" count="0"/>
      <line num="83" type="stmt" count="0"/>
      <line num="85" type="stmt" count="0"/>
      <line num="93" type="stmt" count="0"/>
      <line num="94" type="stmt" count="0"/>
      <line num="103" type="stmt" count="0"/>
      <line num="108" type="stmt" count="0"/>
      <metrics loc="116" ncloc="116" classes="1" methods="8" coveredmethods="0" conditionals="0" coveredconditionals="0" statements="22" coveredstatements="0" elements="30" coveredelements="0"/>
    </file>
    <file name="/Users/mlantz/Code/_open_source/Grafite/Forms/src/Fields/HasMany.php">
      <class name="Grafite\Forms\Fields\HasMany" namespace="global">
        <metrics complexity="3" methods="3" coveredmethods="3" conditionals="0" coveredconditionals="0" statements="3" coveredstatements="3" elements="6" coveredelements="6"/>
      </class>
      <line num="9" type="method" name="getType" visibility="protected" complexity="1" crap="1" count="4"/>
      <line num="11" type="stmt" count="4"/>
      <line num="14" type="method" name="getAttributes" visibility="protected" complexity="1" crap="1" count="4"/>
      <line num="17" type="stmt" count="4"/>
      <line num="21" type="method" name="getFactory" visibility="protected" complexity="1" crap="1" count="4"/>
      <line num="23" type="stmt" count="4"/>
      <metrics loc="25" ncloc="25" classes="1" methods="3" coveredmethods="3" conditionals="0" coveredconditionals="0" statements="3" coveredstatements="3" elements="6" coveredelements="6"/>
    </file>
    <file name="/Users/mlantz/Code/_open_source/Grafite/Forms/src/Fields/HasOne.php">
      <class name="Grafite\Forms\Fields\HasOne" namespace="global">
        <metrics complexity="2" methods="2" coveredmethods="2" conditionals="0" coveredconditionals="0" statements="2" coveredstatements="2" elements="4" coveredelements="4"/>
      </class>
      <line num="9" type="method" name="getType" visibility="protected" complexity="1" crap="1" count="3"/>
      <line num="11" type="stmt" count="3"/>
      <line num="14" type="method" name="getFactory" visibility="protected" complexity="1" crap="1" count="3"/>
      <line num="16" type="stmt" count="3"/>
      <metrics loc="18" ncloc="18" classes="1" methods="2" coveredmethods="2" conditionals="0" coveredconditionals="0" statements="2" coveredstatements="2" elements="4" coveredelements="4"/>
    </file>
    <file name="/Users/mlantz/Code/_open_source/Grafite/Forms/src/Fields/Hidden.php">
      <class name="Grafite\Forms\Fields\Hidden" namespace="global">
        <metrics complexity="2" methods="2" coveredmethods="2" conditionals="0" coveredconditionals="0" statements="2" coveredstatements="2" elements="4" coveredelements="4"/>
      </class>
      <line num="9" type="method" name="getType" visibility="protected" complexity="1" crap="1" count="1"/>
      <line num="11" type="stmt" count="1"/>
      <line num="14" type="method" name="getFactory" visibility="protected" complexity="1" crap="1" count="1"/>
      <line num="16" type="stmt" count="1"/>
      <metrics loc="18" ncloc="18" classes="1" methods="2" coveredmethods="2" conditionals="0" coveredconditionals="0" statements="2" coveredstatements="2" elements="4" coveredelements="4"/>
    </file>
    <file name="/Users/mlantz/Code/_open_source/Grafite/Forms/src/Fields/Image.php">
      <class name="Grafite\Forms\Fields\Image" namespace="global">
        <metrics complexity="3" methods="3" coveredmethods="3" conditionals="0" coveredconditionals="0" statements="3" coveredstatements="3" elements="6" coveredelements="6"/>
      </class>
      <line num="9" type="method" name="getType" visibility="protected" complexity="1" crap="1" count="1"/>
      <line num="11" type="stmt" count="1"/>
      <line num="14" type="method" name="getOptions" visibility="protected" complexity="1" crap="1" count="1"/>
      <line num="17" type="stmt" count="1"/>
      <line num="21" type="method" name="getFactory" visibility="protected" complexity="1" crap="1" count="1"/>
      <line num="23" type="stmt" count="1"/>
      <metrics loc="25" ncloc="25" classes="1" methods="3" coveredmethods="3" conditionals="0" coveredconditionals="0" statements="3" coveredstatements="3" elements="6" coveredelements="6"/>
    </file>
    <file name="/Users/mlantz/Code/_open_source/Grafite/Forms/src/Fields/Month.php">
      <class name="Grafite\Forms\Fields\Month" namespace="global">
        <metrics complexity="2" methods="2" coveredmethods="2" conditionals="0" coveredconditionals="0" statements="2" coveredstatements="2" elements="4" coveredelements="4"/>
      </class>
      <line num="9" type="method" name="getType" visibility="protected" complexity="1" crap="1" count="1"/>
      <line num="11" type="stmt" count="1"/>
      <line num="14" type="method" name="getFactory" visibility="protected" complexity="1" crap="1" count="1"/>
      <line num="16" type="stmt" count="1"/>
      <metrics loc="18" ncloc="18" classes="1" methods="2" coveredmethods="2" conditionals="0" coveredconditionals="0" statements="2" coveredstatements="2" elements="4" coveredelements="4"/>
    </file>
    <file name="/Users/mlantz/Code/_open_source/Grafite/Forms/src/Fields/Name.php">
      <class name="Grafite\Forms\Fields\Name" namespace="global">
        <metrics complexity="2" methods="2" coveredmethods="2" conditionals="0" coveredconditionals="0" statements="2" coveredstatements="2" elements="4" coveredelements="4"/>
      </class>
      <line num="9" type="method" name="getType" visibility="protected" complexity="1" crap="1" count="14"/>
      <line num="11" type="stmt" count="14"/>
      <line num="14" type="method" name="getFactory" visibility="protected" complexity="1" crap="1" count="14"/>
      <line num="16" type="stmt" count="14"/>
      <metrics loc="18" ncloc="18" classes="1" methods="2" coveredmethods="2" conditionals="0" coveredconditionals="0" statements="2" coveredstatements="2" elements="4" coveredelements="4"/>
    </file>
    <file name="/Users/mlantz/Code/_open_source/Grafite/Forms/src/Fields/Number.php">
      <class name="Grafite\Forms\Fields\Number" namespace="global">
        <metrics complexity="2" methods="2" coveredmethods="2" conditionals="0" coveredconditionals="0" statements="2" coveredstatements="2" elements="4" coveredelements="4"/>
      </class>
      <line num="9" type="method" name="getType" visibility="protected" complexity="1" crap="1" count="2"/>
      <line num="11" type="stmt" count="2"/>
      <line num="19" type="method" name="getFactory" visibility="protected" complexity="1" crap="1" count="2"/>
      <line num="21" type="stmt" count="2"/>
      <metrics loc="23" ncloc="18" classes="1" methods="2" coveredmethods="2" conditionals="0" coveredconditionals="0" statements="2" coveredstatements="2" elements="4" coveredelements="4"/>
    </file>
    <file name="/Users/mlantz/Code/_open_source/Grafite/Forms/src/Fields/Password.php">
      <class name="Grafite\Forms\Fields\Password" namespace="global">
        <metrics complexity="2" methods="2" coveredmethods="2" conditionals="0" coveredconditionals="0" statements="2" coveredstatements="2" elements="4" coveredelements="4"/>
      </class>
      <line num="9" type="method" name="getType" visibility="protected" complexity="1" crap="1" count="4"/>
      <line num="11" type="stmt" count="4"/>
      <line num="14" type="method" name="getFactory" visibility="protected" complexity="1" crap="1" count="4"/>
      <line num="16" type="stmt" count="4"/>
      <metrics loc="18" ncloc="18" classes="1" methods="2" coveredmethods="2" conditionals="0" coveredconditionals="0" statements="2" coveredstatements="2" elements="4" coveredelements="4"/>
    </file>
    <file name="/Users/mlantz/Code/_open_source/Grafite/Forms/src/Fields/PasswordWithReveal.php">
      <class name="Grafite\Forms\Fields\PasswordWithReveal" namespace="global">
        <metrics complexity="5" methods="5" coveredmethods="0" conditionals="0" coveredconditionals="0" statements="10" coveredstatements="0" elements="15" coveredelements="0"/>
      </class>
      <line num="7" type="method" name="getType" visibility="protected" complexity="1" crap="2" count="0"/>
      <line num="9" type="stmt" count="0"/>
      <line num="12" type="method" name="getFactory" visibility="protected" complexity="1" crap="2" count="0"/>
      <line num="14" type="stmt" count="0"/>
      <line num="17" type="method" name="scripts" visibility="protected" complexity="1" crap="2" count="0"/>
      <line num="20" type="stmt" count="0"/>
      <line num="24" type="method" name="js" visibility="protected" complexity="1" crap="2" count="0"/>
      <line num="26" type="stmt" count="0"/>
      <line num="29" type="stmt" count="0"/>
      <line num="33" type="method" name="getTemplate" visibility="protected" complexity="1" crap="2" count="0"/>
      <line num="35" type="stmt" count="0"/>
      <line num="36" type="stmt" count="0"/>
      <line num="37" type="stmt" count="0"/>
      <line num="40" type="stmt" count="0"/>
      <line num="45" type="stmt" count="0"/>
      <metrics loc="52" ncloc="52" classes="1" methods="5" coveredmethods="0" conditionals="0" coveredconditionals="0" statements="10" coveredstatements="0" elements="15" coveredelements="0"/>
    </file>
    <file name="/Users/mlantz/Code/_open_source/Grafite/Forms/src/Fields/Quill.php">
      <class name="Grafite\Forms\Fields\Quill" namespace="global">
        <metrics complexity="22" methods="9" coveredmethods="7" conditionals="0" coveredconditionals="0" statements="70" coveredstatements="67" elements="79" coveredelements="74"/>
      </class>
      <line num="7" type="method" name="fieldOptions" visibility="protected" complexity="1" crap="1" count="14"/>
      <line num="10" type="stmt" count="14"/>
      <line num="16" type="method" name="getType" visibility="protected" complexity="1" crap="1" count="14"/>
      <line num="18" type="stmt" count="14"/>
      <line num="21" type="method" name="getAttributes" visibility="protected" complexity="1" crap="1" count="14"/>
      <line num="24" type="stmt" count="14"/>
      <line num="28" type="method" name="getFactory" visibility="protected" complexity="1" crap="1" count="14"/>
      <line num="30" type="stmt" count="14"/>
      <line num="33" type="method" name="stylesheets" visibility="protected" complexity="1" crap="1" count="13"/>
      <line num="36" type="stmt" count="13"/>
      <line num="41" type="method" name="styles" visibility="protected" complexity="2" crap="2.02" count="13"/>
      <line num="43" type="stmt" count="13"/>
      <line num="44" type="stmt" count="13"/>
      <line num="46" type="stmt" count="13"/>
      <line num="47" type="stmt" count="0"/>
      <line num="69" type="stmt" count="13"/>
      <line num="97" type="stmt" count="13"/>
      <line num="101" type="method" name="scripts" visibility="protected" complexity="1" crap="1" count="13"/>
      <line num="103" type="stmt" count="13"/>
      <line num="106" type="method" name="getTemplate" visibility="protected" complexity="1" crap="1" count="14"/>
      <line num="109" type="stmt" count="14"/>
      <line num="120" type="method" name="js" visibility="protected" complexity="13" crap="13" count="14"/>
      <line num="122" type="stmt" count="14"/>
      <line num="124" type="stmt" count="14"/>
      <line num="125" type="stmt" count="0"/>
      <line num="128" type="stmt" count="14"/>
      <line num="129" type="stmt" count="14"/>
      <line num="130" type="stmt" count="14"/>
      <line num="131" type="stmt" count="0"/>
      <line num="142" type="stmt" count="14"/>
      <line num="144" type="stmt" count="14"/>
      <line num="146" type="stmt" count="14"/>
      <line num="147" type="stmt" count="1"/>
      <line num="150" type="stmt" count="13"/>
      <line num="151" type="stmt" count="13"/>
      <line num="152" type="stmt" count="13"/>
      <line num="153" type="stmt" count="13"/>
      <line num="154" type="stmt" count="13"/>
      <line num="155" type="stmt" count="13"/>
      <line num="156" type="stmt" count="13"/>
      <line num="157" type="stmt" count="13"/>
      <line num="158" type="stmt" count="13"/>
      <line num="160" type="stmt" count="13"/>
      <line num="161" type="stmt" count="13"/>
      <line num="162" type="stmt" count="13"/>
      <line num="164" type="stmt" count="13"/>
      <line num="165" type="stmt" count="13"/>
      <line num="166" type="stmt" count="13"/>
      <line num="167" type="stmt" count="13"/>
      <line num="168" type="stmt" count="13"/>
      <line num="169" type="stmt" count="13"/>
      <line num="170" type="stmt" count="13"/>
      <line num="178" type="stmt" count="13"/>
      <line num="179" type="stmt" count="13"/>
      <line num="184" type="stmt" count="13"/>
      <line num="190" type="stmt" count="13"/>
      <line num="198" type="stmt" count="13"/>
      <line num="200" type="stmt" count="13"/>
      <line num="204" type="stmt" count="13"/>
      <line num="207" type="stmt" count="13"/>
      <line num="209" type="stmt" count="13"/>
      <line num="210" type="stmt" count="13"/>
      <line num="211" type="stmt" count="13"/>
      <line num="212" type="stmt" count="13"/>
      <line num="213" type="stmt" count="13"/>
      <line num="214" type="stmt" count="13"/>
      <line num="215" type="stmt" count="13"/>
      <line num="216" type="stmt" count="13"/>
      <line num="217" type="stmt" count="13"/>
      <line num="221" type="stmt" count="13"/>
      <line num="225" type="stmt" count="13"/>
      <line num="226" type="stmt" count="13"/>
      <line num="227" type="stmt" count="13"/>
      <line num="229" type="stmt" count="13"/>
      <line num="233" type="stmt" count="13"/>
      <line num="234" type="stmt" count="13"/>
      <line num="235" type="stmt" count="13"/>
      <line num="238" type="stmt" count="13"/>
      <line num="239" type="stmt" count="13"/>
      <metrics loc="243" ncloc="243" classes="1" methods="9" coveredmethods="7" conditionals="0" coveredconditionals="0" statements="70" coveredstatements="67" elements="79" coveredelements="74"/>
    </file>
    <file name="/Users/mlantz/Code/_open_source/Grafite/Forms/src/Fields/Radio.php">
      <class name="Grafite\Forms\Fields\Radio" namespace="global">
        <metrics complexity="3" methods="3" coveredmethods="3" conditionals="0" coveredconditionals="0" statements="3" coveredstatements="3" elements="6" coveredelements="6"/>
[...]
      <line num="106" type="stmt" count="3"/>
      <line num="109" type="stmt" count="4"/>
      <line num="112" type="method" name="compileScripts" visibility="protected" complexity="3" crap="3.07" count="4"/>
      <line num="114" type="stmt" count="4"/>
      <line num="116" type="stmt" count="4"/>
      <line num="117" type="stmt" count="4"/>
      <line num="118" type="stmt" count="4"/>
      <line num="120" type="stmt" count="4"/>
      <line num="121" type="stmt" count="0"/>
      <line num="122" type="stmt" count="0"/>
      <line num="125" type="stmt" count="4"/>
      <line num="127" type="stmt" count="4"/>
      <line num="130" type="stmt" count="4"/>
      <metrics loc="132" ncloc="103" classes="1" methods="7" coveredmethods="5" conditionals="0" coveredconditionals="0" statements="35" coveredstatements="31" elements="42" coveredelements="36"/>
    </file>
    <file name="/Users/mlantz/Code/_open_source/Grafite/Forms/src/Services/FormMaker.php">
      <class name="Grafite\Forms\Services\FormMaker" namespace="global">
        <metrics complexity="72" methods="23" coveredmethods="16" conditionals="0" coveredconditionals="0" statements="182" coveredstatements="105" elements="205" coveredelements="121"/>
      </class>
      <line num="41" type="method" name="__construct" visibility="public" complexity="2" crap="2" count="33"/>
      <line num="43" type="stmt" count="33"/>
      <line num="44" type="stmt" count="33"/>
      <line num="45" type="stmt" count="33"/>
      <line num="47" type="stmt" count="33"/>
      <line num="48" type="stmt" count="33"/>
      <line num="50" type="stmt" count="33"/>
      <line num="57" type="method" name="setConnection" visibility="public" complexity="1" crap="1" count="12"/>
      <line num="59" type="stmt" count="12"/>
      <line num="61" type="stmt" count="12"/>
      <line num="69" type="method" name="setColumns" visibility="public" complexity="1" crap="1" count="21"/>
      <line num="71" type="stmt" count="21"/>
      <line num="73" type="stmt" count="21"/>
      <line num="81" type="method" name="setMaxColumns" visibility="public" complexity="1" crap="1" count="21"/>
      <line num="83" type="stmt" count="21"/>
      <line num="85" type="stmt" count="21"/>
      <line num="93" type="method" name="setSections" visibility="public" complexity="1" crap="1" count="25"/>
      <line num="95" type="stmt" count="25"/>
      <line num="97" type="stmt" count="25"/>
      <line num="105" type="method" name="setSteps" visibility="public" complexity="1" crap="2" count="0"/>
      <line num="107" type="stmt" count="0"/>
      <line num="109" type="stmt" count="0"/>
      <line num="117" type="method" name="setOrientation" visibility="public" complexity="1" crap="1" count="1"/>
      <line num="119" type="stmt" count="1"/>
      <line num="121" type="stmt" count="1"/>
      <line num="129" type="method" name="setJsValidation" visibility="public" complexity="1" crap="1" count="27"/>
      <line num="131" type="stmt" count="27"/>
      <line num="133" type="stmt" count="27"/>
      <line num="144" type="method" name="fromTable" visibility="public" complexity="4" crap="4.00" count="6"/>
      <line num="146" type="stmt" count="6"/>
      <line num="148" type="stmt" count="6"/>
      <line num="149" type="stmt" count="1"/>
      <line num="152" type="stmt" count="6"/>
      <line num="154" type="stmt" count="6"/>
      <line num="155" type="stmt" count="6"/>
      <line num="156" type="stmt" count="0"/>
      <line num="159" type="stmt" count="6"/>
      <line num="161" type="stmt" count="6"/>
      <line num="162" type="stmt" count="6"/>
      <line num="163" type="stmt" count="6"/>
      <line num="164" type="stmt" count="6"/>
      <line num="165" type="stmt" count="6"/>
      <line num="168" type="stmt" count="6"/>
      <line num="170" type="stmt" count="6"/>
      <line num="181" type="method" name="fromFields" visibility="public" complexity="3" crap="3" count="14"/>
      <line num="183" type="stmt" count="14"/>
      <line num="185" type="stmt" count="14"/>
      <line num="186" type="stmt" count="14"/>
      <line num="187" type="stmt" count="2"/>
      <line num="188" type="stmt" count="2"/>
      <line num="191" type="stmt" count="14"/>
      <line num="193" type="stmt" count="14"/>
      <line num="194" type="stmt" count="14"/>
      <line num="195" type="stmt" count="14"/>
      <line num="196" type="stmt" count="14"/>
      <line num="197" type="stmt" count="14"/>
      <line num="200" type="stmt" count="14"/>
      <line num="202" type="stmt" count="14"/>
      <line num="213" type="method" name="fromObject" visibility="public" complexity="6" crap="6.24" count="6"/>
      <line num="215" type="stmt" count="6"/>
      <line num="217" type="stmt" count="6"/>
      <line num="218" type="stmt" count="0"/>
      <line num="221" type="stmt" count="6"/>
      <line num="222" type="stmt" count="6"/>
      <line num="223" type="stmt" count="0"/>
      <line num="226" type="stmt" count="6"/>
      <line num="227" type="stmt" count="0"/>
      <line num="232" type="stmt" count="6"/>
      <line num="234" type="stmt" count="6"/>
      <line num="235" type="stmt" count="6"/>
      <line num="236" type="stmt" count="6"/>
      <line num="237" type="stmt" count="6"/>
      <line num="238" type="stmt" count="6"/>
      <line num="241" type="stmt" count="6"/>
      <line num="243" type="stmt" count="6"/>
      <line num="253" type="method" name="fromFieldsOrObject" visibility="public" complexity="2" crap="6" count="0"/>
      <line num="255" type="stmt" count="0"/>
      <line num="256" type="stmt" count="0"/>
      <line num="259" type="stmt" count="0"/>
      <line num="269" type="method" name="cleanupIdAndTimeStamps" visibility="public" complexity="1" crap="1" count="7"/>
      <line num="271" type="stmt" count="7"/>
      <line num="273" type="stmt" count="7"/>
      <line num="284" type="method" name="buildUsingColumns" visibility="private" complexity="9" crap="52.45" count="26"/>
      <line num="286" type="stmt" count="26"/>
      <line num="287" type="stmt" count="26"/>
      <line num="288" type="stmt" count="26"/>
      <line num="290" type="stmt" count="0"/>
      <line num="291" type="stmt" count="0"/>
      <line num="293" type="stmt" count="0"/>
      <line num="294" type="stmt" count="0"/>
      <line num="296" type="stmt" count="0"/>
      <line num="297" type="stmt" count="0"/>
      <line num="299" type="stmt" count="0"/>
      <line num="300" type="stmt" count="0"/>
      <line num="302" type="stmt" count="0"/>
      <line num="303" type="stmt" count="0"/>
      <line num="305" type="stmt" count="0"/>
      <line num="306" type="stmt" count="0"/>
      <line num="309" type="stmt" count="0"/>
      <line num="319" type="method" name="setAssets" visibility="public" complexity="2" crap="2" count="26"/>
      <line num="321" type="stmt" count="26"/>
      <line num="322" type="stmt" count="23"/>
      <line num="323" type="stmt" count="23"/>
      <line num="324" type="stmt" count="23"/>
      <line num="325" type="stmt" count="23"/>
      <line num="327" type="stmt" count="26"/>
      <line num="335" type="method" name="setFormJs" visibility="public" complexity="2" crap="2" count="21"/>
      <line num="337" type="stmt" count="21"/>
      <line num="338" type="stmt" count="6"/>
      <line num="341" type="stmt" count="21"/>
      <line num="350" type="method" name="setFormStyles" visibility="public" complexity="2" crap="2" count="21"/>
      <line num="352" type="stmt" count="21"/>
      <line num="353" type="stmt" count="6"/>
      <line num="356" type="stmt" count="21"/>
      <line num="364" type="method" name="defaultJs" visibility="public" complexity="2" crap="2" count="26"/>
      <line num="366" type="stmt" count="26"/>
      <line num="368" type="stmt" count="26"/>
      <line num="369" type="stmt" count="26"/>
      <line num="370" type="stmt" count="26"/>
      <line num="375" type="stmt" count="26"/>
      <line num="382" type="stmt" count="26"/>
      <line num="391" type="stmt" count="26"/>
      <line num="392" type="stmt" count="6"/>
      <line num="394" type="stmt" count="26"/>
      <line num="403" type="method" name="getTableAsFields" visibility="public" complexity="2" crap="2" count="2"/>
      <line num="405" type="stmt" count="2"/>
      <line num="407" type="stmt" count="2"/>
      <line num="409" type="stmt" count="2"/>
      <line num="411" type="stmt" count="2"/>
      <line num="412" type="stmt" count="2"/>
      <line num="413" type="stmt" count="2"/>
      <line num="417" type="stmt" count="2"/>
      <line num="428" type="method" name="buildSection" visibility="private" complexity="11" crap="132" count="0"/>
      <line num="430" type="stmt" count="0"/>
      <line num="431" type="stmt" count="0"/>
      <line num="435" type="stmt" count="0"/>
      <line num="437" type="stmt" count="0"/>
      <line num="438" type="stmt" count="0"/>
      <line num="440" type="stmt" count="0"/>
      <line num="443" type="stmt" count="0"/>
      <line num="444" type="stmt" count="0"/>
      <line num="446" type="stmt" count="0"/>
      <line num="447" type="stmt" count="0"/>
      <line num="450" type="stmt" count="0"/>
      <line num="451" type="stmt" count="0"/>
      <line num="454" type="stmt" count="0"/>
      <line num="455" type="stmt" count="0"/>
      <line num="458" type="stmt" count="0"/>
      <line num="459" type="stmt" count="0"/>
      <line num="460" type="stmt" count="0"/>
      <line num="461" type="stmt" count="0"/>
      <line num="463" type="stmt" count="0"/>
      <line num="464" type="stmt" count="0"/>
      <line num="465" type="stmt" count="0"/>
      <line num="466" type="stmt" count="0"/>
      <line num="469" type="stmt" count="0"/>
      <line num="470" type="stmt" count="0"/>
      <line num="472" type="stmt" count="0"/>
      <line num="474" type="stmt" count="0"/>
      <line num="475" type="stmt" count="0"/>
      <line num="477" type="stmt" count="0"/>
      <line num="479" type="stmt" count="0"/>
      <line num="482" type="stmt" count="0"/>
      <line num="483" type="stmt" count="0"/>
      <line num="484" type="stmt" count="0"/>
      <line num="486" type="stmt" count="0"/>
      <line num="489" type="stmt" count="0"/>
      <line num="500" type="method" name="buildColumnForm" visibility="private" complexity="12" crap="156" count="0"/>
      <line num="502" type="stmt" count="0"/>
      <line num="504" type="stmt" count="0"/>
      <line num="505" type="stmt" count="0"/>
      <line num="508" type="stmt" count="0"/>
      <line num="509" type="stmt" count="0"/>
      <line num="510" type="stmt" count="0"/>
      <line num="513" type="stmt" count="0"/>
      <line num="514" type="stmt" count="0"/>
      <line num="516" type="stmt" count="0"/>
      <line num="517" type="stmt" count="0"/>
      <line num="520" type="stmt" count="0"/>
      <line num="522" type="stmt" count="0"/>
      <line num="523" type="stmt" count="0"/>
      <line num="524" type="stmt" count="0"/>
      <line num="527" type="stmt" count="0"/>
      <line num="528" type="stmt" count="0"/>
      <line num="529" type="stmt" count="0"/>
      <line num="534" type="stmt" count="0"/>
      <line num="537" type="stmt" count="0"/>
      <line num="538" type="stmt" count="0"/>
      <line num="542" type="stmt" count="0"/>
      <line num="552" type="method" name="getTableColumns" visibility="public" complexity="4" crap="4" count="2"/>
      <line num="554" type="stmt" count="2"/>
      <line num="556" type="stmt" count="2"/>
      <line num="557" type="stmt" count="2"/>
      <line num="559" type="stmt" count="2"/>
      <line num="560" type="stmt" count="2"/>
      <line num="563" type="stmt" count="2"/>
      <line num="564" type="stmt" count="2"/>
      <line num="565" type="stmt" count="2"/>
      <line num="566" type="stmt" count="2"/>
      <line num="567" type="stmt" count="2"/>
      <line num="568" type="stmt" count="2"/>
      <line num="572" type="stmt" count="2"/>
      <line num="581" type="method" name="getNormalizedType" visibility="public" complexity="1" crap="1" count="2"/>
      <line num="583" type="stmt" count="2"/>
      <line num="600" type="stmt" count="2"/>
      <metrics loc="602" ncloc="459" classes="1" methods="23" coveredmethods="16" conditionals="0" coveredconditionals="0" statements="182" coveredstatements="105" elements="205" coveredelements="121"/>
    </file>
    <file name="/Users/mlantz/Code/_open_source/Grafite/Forms/src/Services/HtmlConfigProcessor.php">
      <class name="Grafite\Forms\Services\HtmlConfigProcessor" namespace="global">
        <metrics complexity="18" methods="16" coveredmethods="10" conditionals="0" coveredconditionals="0" statements="52" coveredstatements="35" elements="68" coveredelements="45"/>
      </class>
      <line num="16" type="method" name="__construct" visibility="public" complexity="1" crap="1" count="15"/>
      <line num="18" type="stmt" count="15"/>
      <line num="20" type="stmt" count="15"/>
      <line num="21" type="stmt" count="15"/>
      <line num="23" type="method" name="processOptions" visibility="protected" complexity="3" crap="3" count="15"/>
      <line num="25" type="stmt" count="15"/>
      <line num="26" type="stmt" count="15"/>
      <line num="27" type="stmt" count="15"/>
      <line num="28" type="stmt" count="15"/>
      <line num="29" type="stmt" count="15"/>
      <line num="30" type="stmt" count="15"/>
      <line num="32" type="stmt" count="15"/>
      <line num="33" type="stmt" count="2"/>
      <line num="34" type="stmt" count="2"/>
      <line num="38" type="stmt" count="15"/>
      <line num="39" type="stmt" count="1"/>
      <line num="40" type="stmt" count="1"/>
      <line num="43" type="stmt" count="15"/>
      <line num="45" type="method" name="toArray" visibility="public" complexity="1" crap="1" count="15"/>
      <line num="47" type="stmt" count="15"/>
      <line num="50" type="method" name="__toString" visibility="public" complexity="1" crap="1" count="9"/>
      <line num="52" type="stmt" count="9"/>
      <line num="54" type="stmt" count="9"/>
      <line num="57" type="method" name="attributes" visibility="public" complexity="1" crap="1" count="2"/>
      <line num="59" type="stmt" count="2"/>
      <line num="61" type="stmt" count="2"/>
      <line num="64" type="method" name="disabled" visibility="public" complexity="1" crap="2" count="0"/>
      <line num="66" type="stmt" count="0"/>
      <line num="67" type="stmt" count="0"/>
      <line num="70" type="stmt" count="0"/>
      <line num="73" type="method" name="cssClass" visibility="public" complexity="1" crap="1" count="5"/>
      <line num="75" type="stmt" count="5"/>
      <line num="76" type="stmt" count="5"/>
      <line num="79" type="stmt" count="5"/>
      <line num="82" type="method" name="level" visibility="public" complexity="1" crap="1" count="1"/>
      <line num="84" type="stmt" count="1"/>
      <line num="86" type="stmt" count="1"/>
      <line num="89" type="method" name="href" visibility="public" complexity="1" crap="1" count="1"/>
      <line num="91" type="stmt" count="1"/>
      <line num="92" type="stmt" count="1"/>
      <line num="95" type="stmt" count="1"/>
      <line num="98" type="method" name="name" visibility="public" complexity="1" crap="2" count="0"/>
      <line num="100" type="stmt" count="0"/>
      <line num="102" type="stmt" count="0"/>
      <line num="105" type="method" name="id" visibility="public" complexity="1" crap="1" count="2"/>
      <line num="107" type="stmt" count="2"/>
      <line num="108" type="stmt" count="2"/>
      <line num="111" type="stmt" count="2"/>
      <line num="114" type="method" name="style" visibility="public" complexity="1" crap="2" count="0"/>
      <line num="116" type="stmt" count="0"/>
      <line num="117" type="stmt" count="0"/>
      <line num="120" type="stmt" count="0"/>
      <line num="123" type="method" name="data" visibility="public" complexity="1" crap="2" count="0"/>
      <line num="125" type="stmt" count="0"/>
      <line num="126" type="stmt" count="0"/>
      <line num="129" type="stmt" count="0"/>
      <line num="132" type="method" name="hidden" visibility="public" complexity="1" crap="2" count="0"/>
      <line num="134" type="stmt" count="0"/>
      <line num="135" type="stmt" count="0"/>
      <line num="138" type="stmt" count="0"/>
      <line num="141" type="method" name="title" visibility="public" complexity="1" crap="2" count="0"/>
      <line num="143" type="stmt" count="0"/>
      <line num="144" type="stmt" count="0"/>
      <line num="147" type="stmt" count="0"/>
      <line num="150" type="method" name="onClick" visibility="public" complexity="1" crap="1" count="1"/>
      <line num="152" type="stmt" count="1"/>
      <line num="153" type="stmt" count="1"/>
      <line num="156" type="stmt" count="1"/>
      <metrics loc="158" ncloc="158" classes="1" methods="16" coveredmethods="10" conditionals="0" coveredconditionals="0" statements="52" coveredstatements="35" elements="68" coveredelements="45"/>
    </file>
    <file name="/Users/mlantz/Code/_open_source/Grafite/Forms/src/Traits/HasErrorBag.php">
      <class name="Grafite\Forms\Traits\HasErrorBag" namespace="global">
        <metrics complexity="1" methods="1" coveredmethods="1" conditionals="0" coveredconditionals="0" statements="2" coveredstatements="2" elements="3" coveredelements="3"/>
      </class>
      <line num="7" type="method" name="setErrorBag" visibility="public" complexity="1" crap="1" count="26"/>
      <line num="9" type="stmt" count="26"/>
      <line num="11" type="stmt" count="26"/>
      <metrics loc="13" ncloc="13" classes="1" methods="1" coveredmethods="1" conditionals="0" coveredconditionals="0" statements="2" coveredstatements="2" elements="3" coveredelements="3"/>
    </file>
    <file name="/Users/mlantz/Code/_open_source/Grafite/Forms/src/Traits/HasForm.php">
      <class name="Grafite\Forms\Traits\HasForm" namespace="global">
        <metrics complexity="2" methods="1" coveredmethods="0" conditionals="0" coveredconditionals="0" statements="4" coveredstatements="3" elements="5" coveredelements="3"/>
      </class>
      <line num="7" type="method" name="form" visibility="public" complexity="2" crap="2.06" count="3"/>
      <line num="9" type="stmt" count="3"/>
      <line num="11" type="stmt" count="3"/>
      <line num="12" type="stmt" count="0"/>
      <line num="15" type="stmt" count="3"/>
      <metrics loc="17" ncloc="17" classes="1" methods="1" coveredmethods="0" conditionals="0" coveredconditionals="0" statements="4" coveredstatements="3" elements="5" coveredelements="3"/>
    </file>
    <file name="/Users/mlantz/Code/_open_source/Grafite/Forms/src/Traits/HasLivewire.php">
      <class name="Grafite\Forms\Traits\HasLivewire" namespace="global">
        <metrics complexity="2" methods="2" coveredmethods="2" conditionals="0" coveredconditionals="0" statements="4" coveredstatements="4" elements="6" coveredelements="6"/>
      </class>
      <line num="12" type="method" name="setLivewire" visibility="public" complexity="1" crap="1" count="85"/>
      <line num="14" type="stmt" count="85"/>
      <line num="16" type="stmt" count="85"/>
      <line num="24" type="method" name="setLivewireOnKeydown" visibility="public" complexity="1" crap="1" count="85"/>
      <line num="26" type="stmt" count="85"/>
      <line num="28" type="stmt" count="85"/>
      <metrics loc="30" ncloc="20" classes="1" methods="2" coveredmethods="2" conditionals="0" coveredconditionals="0" statements="4" coveredstatements="4" elements="6" coveredelements="6"/>
    </file>
    <metrics files="97" loc="8913" ncloc="7487" classes="94" methods="462" coveredmethods="270" conditionals="0" coveredconditionals="0" statements="2105" coveredstatements="1297" elements="2567" coveredelements="1567"/>
  </project>
</coverage>
